c:\users\旭\documents\visual studio 2013\projects\project1\project1\debug\vc120.pdb
c:\users\旭\documents\visual studio 2013\projects\project1\project1\debug\vc120.idb
c:\users\旭\documents\visual studio 2013\projects\project1\project1\debug\源.obj
c:\users\旭\documents\visual studio 2013\projects\project1\project1\debug\servicediscover.obj
g:\vs_workspace\project1\udp-broadcast\debug\vc120.pdb
g:\vs_workspace\project1\udp-broadcast\debug\vc120.idb
g:\vs_workspace\project1\udp-broadcast\debug\servicediscover.obj
g:\vs_workspace\project1\udp-broadcast\debug\源.obj
c:\users\旭\documents\visual studio 2013\projects\project1\debug\project1.ilk
c:\users\旭\documents\visual studio 2013\projects\project1\debug\project1.exe
c:\users\旭\documents\visual studio 2013\projects\project1\debug\project1.pdb
g:\vs_workspace\project1\udp-broadcast\debug\project1.ilk
g:\vs_workspace\project1\udp-broadcast\debug\project1.exe
g:\vs_workspace\project1\udp-broadcast\debug\project1.pdb
g:\vs_workspace\project1\udp-broadcast\debug\project1.tlog\cl.command.1.tlog
g:\vs_workspace\project1\udp-broadcast\debug\project1.tlog\cl.read.1.tlog
g:\vs_workspace\project1\udp-broadcast\debug\project1.tlog\cl.write.1.tlog
g:\vs_workspace\project1\udp-broadcast\debug\project1.tlog\link.command.1.tlog
g:\vs_workspace\project1\udp-broadcast\debug\project1.tlog\link.read.1.tlog
g:\vs_workspace\project1\udp-broadcast\debug\project1.tlog\link.write.1.tlog
